SF:lib\src\ht_sources_client.dart
DA:11,1
DA:16,1
DA:17,2
DA:25,1
DA:30,1
DA:31,2
DA:39,1
DA:44,1
DA:45,2
DA:53,1
DA:58,1
DA:59,2
DA:67,1
DA:72,1
DA:73,2
DA:86,0
LF:16
LH:15
end_of_record
SF:lib\src\models\source.dart
DA:15,1
DA:23,1
DA:26,2
DA:51,2
DA:53,1
DA:54,1
DA:55,1
DA:56,1
DA:57,1
DA:58,1
DA:59,1
DA:60,1
DA:61,1
DA:66,1
DA:75,1
DA:76,1
DA:77,1
DA:78,1
DA:79,1
DA:80,1
DA:81,1
DA:82,1
LF:22
LH:22
end_of_record
SF:lib\src\models\source.g.dart
DA:9,2
DA:10,1
DA:11,1
DA:12,1
DA:13,1
DA:14,1
DA:15,1
DA:16,1
DA:19,2
DA:20,1
DA:21,1
DA:22,1
DA:23,1
DA:24,1
DA:25,1
DA:26,1
LF:16
LH:16
end_of_record
