SF:lib\src\ht_sources_client.dart
DA:11,1
DA:16,1
DA:17,2
DA:25,1
DA:30,1
DA:31,2
DA:39,1
DA:44,1
DA:45,2
DA:53,1
DA:58,1
DA:59,2
DA:67,1
DA:72,1
DA:73,2
DA:86,0
LF:16
LH:15
end_of_record
SF:lib\src\models\source.dart
DA:7,1
DA:11,1
DA:13,1
DA:15,1
DA:17,1
DA:19,1
DA:21,1
DA:23,1
DA:25,1
DA:27,1
DA:33,1
DA:37,1
DA:39,1
DA:41,1
DA:43,1
DA:45,1
DA:47,1
DA:49,1
DA:51,1
DA:53,1
DA:107,1
DA:115,1
DA:118,1
DA:119,1
DA:120,1
DA:121,1
DA:122,1
DA:123,1
DA:124,2
DA:125,1
DA:127,1
DA:129,2
DA:156,1
DA:158,1
DA:159,1
DA:160,1
DA:164,1
DA:165,2
DA:167,1
DA:168,2
DA:170,1
DA:171,3
DA:173,1
DA:174,2
DA:176,1
DA:178,3
DA:184,1
DA:185,1
DA:186,1
DA:187,1
DA:188,1
DA:189,1
DA:190,1
DA:191,1
DA:192,1
DA:197,1
DA:206,1
DA:207,1
DA:208,1
DA:209,1
DA:210,1
DA:211,1
DA:212,1
DA:213,1
LF:64
LH:64
end_of_record
